20141101_134455_read_more_data/current.bin
cs: 11 vs. 177
cs: 11 vs. 126
cs: 11 vs. 123
cs: 11 vs. 164
cs: 11 vs. 210
cs: 11 vs. 43
cs: 11 vs. 135
cs: 11 vs. 247
parsing block 1 from 0x1000 (img size: 0x280000)
nextblock: 0
addr: 4096
need to parse 9=0x09 samples
leader: 009/0x09 - 00
parsing block 2 from 0x2000 (img size: 0x280000)
..........[10]
leader: 000/0x00 - 37
parsing block 3 from 0x3000 (img size: 0x280000)
nextblock: 0
addr: 12288
need to parse 4=0x04 samples
leader: 004/0x04 - 00
parsing block 4 from 0x4000 (img size: 0x280000)
.....[5]
leader: 000/0x00 - 36
parsing block 5 from 0x5000 (img size: 0x280000)
nextblock: 0
addr: 20480
need to parse 9=0x09 samples
leader: 009/0x09 - 00
parsing block 6 from 0x6000 (img size: 0x280000)
..........[10]
leader: 000/0x00 - 36
parsing block 7 from 0x7000 (img size: 0x280000)
nextblock: 90
addr: 28672
need to parse 116=0x74 samples
leader: 116/0x74 - 5a
parsing block 8 from 0x8000 (img size: 0x280000)
.....................................................................................................................[117]
leader: 128/0x80 - 00
parsing block 9 from 0x9000 (img size: 0x280000)
.....................................................................................................................[117]
leader: 000/0x00 - 00
parsing block 10 from 0xa000 (img size: 0x280000)
.....................................................................................................................[117]
leader: 000/0x00 - ae
parsing block 11 from 0xb000 (img size: 0x280000)
.....................................................................................................................[117]
leader: 247/0xf7 - 00
parsing block 12 from 0xc000 (img size: 0x280000)
.....................................................................................................................[117]
leader: 000/0x00 - 00
parsing block 13 from 0xd000 (img size: 0x280000)
.....................................................................................................................[117]
leader: 013/0x0d - 00
parsing block 14 from 0xe000 (img size: 0x280000)
.....................................................................................................................[117]
leader: 000/0x00 - 00
parsing block 15 from 0xf000 (img size: 0x280000)
.....................................................................................................................[117]
leader: 000/0x00 - 00
parsing block 16 from 0x10000 (img size: 0x280000)
.....................................................................................................................[117]
leader: 000/0x00 - 00
parsing block 17 from 0x11000 (img size: 0x280000)
.....................................................................................................................[117]
leader: 000/0x00 - 00
parsing block 18 from 0x12000 (img size: 0x280000)
.....................................................................................................................[117]
leader: 000/0x00 - cd
parsing block 19 from 0x13000 (img size: 0x280000)
.....................................................................................................................[117]
leader: 223/0xdf - 00
parsing block 20 from 0x14000 (img size: 0x280000)
.....................................................................................................................[117]
leader: 000/0x00 - 00
parsing block 21 from 0x15000 (img size: 0x280000)
.....................................................................................................................[117]
leader: 000/0x00 - 00
parsing block 22 from 0x16000 (img size: 0x280000)
.........................................................................